OpenCV4.0.1/build/outputs/logs/manifest-merger-release-report.txt
-- Merging decision tree log ---
manifest
ADDED from cpr-assistant/OpenCV4.0.1/AndroidManifest.xml:2:1-6:12
INJECTED from cpr-assistant/OpenCV4.0.1/AndroidManifest.xml:2:1-6:12
INJECTED from cpr-assistant/OpenCV4.0.1/AndroidManifest.xml:2:1-6:12
INJECTED from cpr-assistant/OpenCV4.0.1/AndroidManifest.xml:2:1-6:12
INJECTED from cpr-assistant/OpenCV4.0.1/AndroidManifest.xml:2:1-6:12
INJECTED from cpr-assistant/OpenCV4.0.1/AndroidManifest.xml:2:1-6:12
INJECTED from cpr-assistant/OpenCV4.0.1/AndroidManifest.xml:2:1-6:12
	package
		ADDED from cpr-assistant/OpenCV4.0.1/AndroidManifest.xml:3:7-27
		INJECTED from cpr-assistant/OpenCV4.0.1/AndroidManifest.xml
		INJECTED from cpr-assistant/OpenCV4.0.1/AndroidManifest.xml
	android:versionName
		ADDED from cpr-assistant/OpenCV4.0.1/AndroidManifest.xml:5:7-34
		INJECTED from cpr-assistant/OpenCV4.0.1/AndroidManifest.xml
		INJECTED from cpr-assistant/OpenCV4.0.1/AndroidManifest.xml
	xmlns:android
		ADDED from cpr-assistant/OpenCV4.0.1/AndroidManifest.xml:2:11-69
	android:versionCode
		ADDED from cpr-assistant/OpenCV4.0.1/AndroidManifest.xml:4:7-33
		INJECTED from cpr-assistant/OpenCV4.0.1/AndroidManifest.xml
		INJECTED from cpr-assistant/OpenCV4.0.1/AndroidManifest.xml
uses-sdk
INJECTED from cpr-assistant/OpenCV4.0.1/AndroidManifest.xml reason: use-sdk injection requested
INJECTED from cpr-assistant/OpenCV4.0.1/AndroidManifest.xml
INJECTED from cpr-assistant/OpenCV4.0.1/AndroidManifest.xml
INJECTED from cpr-assistant/OpenCV4.0.1/AndroidManifest.xml
INJECTED from cpr-assistant/OpenCV4.0.1/AndroidManifest.xml
	android:targetSdkVersion
		INJECTED from cpr-assistant/OpenCV4.0.1/AndroidManifest.xml
		ADDED from cpr-assistant/OpenCV4.0.1/AndroidManifest.xml
		INJECTED from cpr-assistant/OpenCV4.0.1/AndroidManifest.xml
	android:minSdkVersion
		INJECTED from cpr-assistant/OpenCV4.0.1/AndroidManifest.xml
		ADDED from cpr-assistant/OpenCV4.0.1/AndroidManifest.xml
		INJECTED from cpr-assistant/OpenCV4.0.1/AndroidManifest.xml